#
# A fatal error has been detected by the Java Runtime Environment:
#
#  EXCEPTION_ACCESS_VIOLATION (0xc0000005) at pc=0x00007ffe1b4366f0, pid=588, tid=12868
#
# JRE version: Java(TM) SE Runtime Environment (15.0.1+9) (build 15.0.1+9-18)
# Java VM: Java HotSpot(TM) 64-Bit Server VM (15.0.1+9-18, mixed mode, sharing, tiered, compressed oops, g1 gc, windows-amd64)
# Problematic frame:
# C  [glass.dll+0x266f0]
#
# No core dump will be written. Minidumps are not enabled by default on client versions of Windows
#
# If you would like to submit a bug report, please visit:
#   https://bugreport.java.com/bugreport/crash.jsp
#

---------------  S U M M A R Y ------------

Command Line: -agentlib:jdwp=transport=dt_socket,address=127.0.0.1:57317,suspend=y,server=n --module-path=C:\Users\Moeyn\Downloads\openjfx-15.0.1_windows-x64_bin-sdk\javafx-sdk-15.0.1\lib --add-modules=javafx.controls,javafx.fxml -javaagent:C:\Users\Moeyn\AppData\Local\JetBrains\IdeaIC2020.3\captureAgent\debugger-agent.jar -Dfile.encoding=UTF-8 FXStuff.Main

Host: Intel(R) Core(TM) i7-10750H CPU @ 2.60GHz, 12 cores, 15G,  Windows 10 , 64 bit Build 19041 (10.0.19041.546)
Time: Sun Dec  6 03:42:02 2020 Syria Standard Time elapsed time: 24.521700 seconds (0d 0h 0m 24s)

---------------  T H R E A D  ---------------

Current thread (0x000001a231ad6ba0):  VMThread "VM Thread" [stack: 0x0000008129900000,0x0000008129a00000] [id=12868]

Stack: [0x0000008129900000,0x0000008129a00000],  sp=0x00000081299fec80,  free space=1019k
Native frames: (J=compiled Java code, j=interpreted, Vv=VM code, C=native code)
C  [glass.dll+0x266f0]


siginfo: EXCEPTION_ACCESS_VIOLATION (0xc0000005), reading address 0x0000000000000000


Register to memory mapping:

RIP=0x00007ffe1b4366f0 glass.dll
RAX=0x0 is NULL
RBX=0x000001a234d19dc8 is a global jni handle
RCX=0x000001a231ad6ba0 points into unknown readable memory: 0x00007ffe0b1c4238 | 38 42 1c 0b fe 7f 00 00
RDX=0x00000081299fec80 points into unknown readable memory: 0x0000000000000000 | 00 00 00 00 00 00 00 00
RSP=0x00000081299fec80 points into unknown readable memory: 0x0000000000000000 | 00 00 00 00 00 00 00 00
RBP=0x000001a233a34548 points into unknown readable memory: 0x0000b345db2d3ed2 | d2 3e 2d db 45 b3 00 00
RSI=0x000001a233a34520 points into unknown readable memory: 0xfff8de49029d3ed3 | d3 3e 9d 02 49 de f8 ff
RDI=0x0000b345db2d3ed2 is an unknown value
R8 =0x0000000000010002 is an unknown value
R9 =0x0000b345db2d3ed2 is an unknown value
R10=0x0000000000008000 is an unknown value
R11=0x00000081299fec20 points into unknown readable memory: 0x000001a233a34520 | 20 45 a3 33 a2 01 00 00
R12=0x00007ffe1b433b84 glass.dll
R13=0x000001a20e06b020 points into unknown readable memory: 0x8000000900000001 | 01 00 00 00 09 00 00 80
R14=0x00000081299fed88 points into unknown readable memory: 0x00000081299fed70 | 70 ed 9f 29 81 00 00 00
R15=0x000001a233a34520 points into unknown readable memory: 0xfff8de49029d3ed3 | d3 3e 9d 02 49 de f8 ff


Registers:
RAX=0x0000000000000000, RBX=0x000001a234d19dc8, RCX=0x000001a231ad6ba0, RDX=0x00000081299fec80
RSP=0x00000081299fec80, RBP=0x000001a233a34548, RSI=0x000001a233a34520, RDI=0x0000b345db2d3ed2
R8 =0x0000000000010002, R9 =0x0000b345db2d3ed2, R10=0x0000000000008000, R11=0x00000081299fec20
R12=0x00007ffe1b433b84, R13=0x000001a20e06b020, R14=0x00000081299fed88, R15=0x000001a233a34520
RIP=0x00007ffe1b4366f0, EFLAGS=0x0000000000010206

Top of Stack: (sp=0x00000081299fec80)
0x00000081299fec80:   0000000000000000 00007ffe4e81e97b
0x00000081299fec90:   000001a233a34530 000001a233a34520
0x00000081299feca0:   fffffffffffffffe 00007ffe1b433b84
0x00000081299fecb0:   000001a233a34528 00007ffe4e823bf6
0x00000081299fecc0:   000001a233a34530 000001a200000000
0x00000081299fecd0:   000001a233a34548 000001a233a34520
0x00000081299fece0:   fffffffffffffffe 0000000000000000
0x00000081299fecf0:   0000000000000001 00007ffe1b410000
0x00000081299fed00:   00000081299fed78 00007ffe4e823b1b
0x00000081299fed10:   0000000000000000 00000081299fed88
0x00000081299fed20:   00000081299ff040 00007ffe4e900e40
0x00000081299fed30:   0000000000000000 00007ffe4e823ad4
0x00000081299fed40:   0000000000000000 0000000000000001
0x00000081299fed50:   ffffffff00000001 00000081299fed78
0x00000081299fed60:   0000000000000000 00007ffe1b433a12
0x00000081299fed70:   00007ffe1b44d118 0000008100000002 

Instructions: (pc=0x00007ffe1b4366f0)
0x00007ffe1b4365f0:   8b 4d 60 e8 98 c9 ff ff 48 8b 55 68 48 8b 8d 08
0x00007ffe1b436600:   01 00 00 e8 49 be ff ff 33 d2 33 c9 e8 49 de ff
0x00007ffe1b436610:   ff 90 cc cc cc cc cc cc cc cc cc cc cc cc cc cc
0x00007ffe1b436620:   48 8d 8a 80 00 00 00 e9 14 e9 fe ff 48 89 54 24
0x00007ffe1b436630:   10 55 48 83 ec 20 48 8b ea 48 8d 05 dd ca ff ff
0x00007ffe1b436640:   48 83 c4 20 5d c3 cc 40 55 48 8b ea 48 8b 01 33
0x00007ffe1b436650:   c9 81 38 05 00 00 c0 0f 94 c1 8b c1 5d c3 cc 40
0x00007ffe1b436660:   55 48 83 ec 20 48 8b ea 8a 4d 40 48 83 c4 20 5d
0x00007ffe1b436670:   e9 df cd ff ff cc 40 55 48 83 ec 20 48 8b ea e8
0x00007ffe1b436680:   fc cb ff ff 8a 4d 38 48 83 c4 20 5d e9 c3 cd ff
0x00007ffe1b436690:   ff cc 40 55 48 83 ec 30 48 8b ea 48 8b 01 8b 10
0x00007ffe1b4366a0:   48 89 4c 24 28 89 54 24 20 4c 8d 0d a4 d1 ff ff
0x00007ffe1b4366b0:   4c 8b 45 70 8b 55 68 48 8b 4d 60 e8 30 cb ff ff
0x00007ffe1b4366c0:   90 48 83 c4 30 5d c3 cc cc cc cc cc cc cc cc cc
0x00007ffe1b4366d0:   40 53 48 83 ec 30 48 c7 44 24 20 fe ff ff ff 48
0x00007ffe1b4366e0:   8b 1d 2a 64 01 00 48 85 db 74 16 e8 90 85 ff ff
0x00007ffe1b4366f0:   4c 8b 00 48 8b d3 48 8b c8 41 ff 90 b0 00 00 00
0x00007ffe1b436700:   90 48 83 c4 30 5b c3 cc cc cc cc cc cc cc cc cc
0x00007ffe1b436710:   40 53 48 83 ec 20 48 8b 1d 9b 65 01 00 48 85 db
0x00007ffe1b436720:   74 57 b8 ff ff ff ff f0 0f c1 43 10 83 f8 01 75
0x00007ffe1b436730:   3d 48 85 db 74 38 48 8b 0b 48 85 c9 74 0d ff 15
0x00007ffe1b436740:   64 0b 00 00 48 c7 03 00 00 00 00 48 8b 4b 08 48
0x00007ffe1b436750:   85 c9 74 0d e8 37 c8 ff ff 48 c7 43 08 00 00 00
0x00007ffe1b436760:   00 ba 18 00 00 00 48 8b cb e8 22 c8 ff ff 48 c7
0x00007ffe1b436770:   05 3f 65 01 00 00 00 00 00 48 83 c4 20 5b c3 cc
0x00007ffe1b436780:   40 53 48 83 ec 20 48 8b 1d 0b 65 01 00 48 85 db
0x00007ffe1b436790:   74 57 b8 ff ff ff ff f0 0f c1 43 10 83 f8 01 75
0x00007ffe1b4367a0:   3d 48 85 db 74 38 48 8b 0b 48 85 c9 74 0d ff 15
0x00007ffe1b4367b0:   f4 0a 00 00 48 c7 03 00 00 00 00 48 8b 4b 08 48
0x00007ffe1b4367c0:   85 c9 74 0d e8 c7 c7 ff ff 48 c7 43 08 00 00 00
0x00007ffe1b4367d0:   00 ba 18 00 00 00 48 8b cb e8 b2 c7 ff ff 48 c7
0x00007ffe1b4367e0:   05 af 64 01 00 00 00 00 00 48 83 c4 20 5b c3 cc 


Stack slot to memory mapping:
stack at sp + 0 slots: 0x0 is NULL
stack at sp + 1 slots: 0x00007ffe4e81e97b ucrtbase.dll
stack at sp + 2 slots: 0x000001a233a34530 points into unknown readable memory: 0x0000b345db2d3ed2 | d2 3e 2d db 45 b3 00 00
stack at sp + 3 slots: 0x000001a233a34520 points into unknown readable memory: 0xfff8de49029d3ed3 | d3 3e 9d 02 49 de f8 ff
stack at sp + 4 slots: 0xfffffffffffffffe is an unknown value
stack at sp + 5 slots: 0x00007ffe1b433b84 glass.dll
stack at sp + 6 slots: 0x000001a233a34528 points into unknown readable memory: 0x0000b345db2d3ed2 | d2 3e 2d db 45 b3 00 00
stack at sp + 7 slots: 0x00007ffe4e823bf6 ucrtbase.dll

VM_Operation (0x000000812a5fec40): Exit, mode: safepoint, requested by thread 0x000001a234f5f400


---------------  P R O C E S S  ---------------

Threads class SMR info:
_java_thread_list=0x000001a234db1a00, length=19, elements={
0x000001a20e0006c0, 0x000001a231ad9430, 0x000001a231ada000, 0x000001a2322f3bc0,
0x000001a2322f5a80, 0x000001a2322f6860, 0x000001a2322fa900, 0x000001a232313bc0,
0x000001a2324206f0, 0x000001a2326849d0, 0x000001a232ebf770, 0x000001a234c27e80,
0x000001a234c26670, 0x000001a234c28350, 0x000001a234c279b0, 0x000001a234c261a0,
0x000001a234c25cd0, 0x000001a234f628f0, 0x000001a234f5f400
}

Java Threads: ( => current thread )
  0x000001a20e0006c0 JavaThread "main" [_thread_blocked, id=14364, stack(0x0000008129300000,0x0000008129400000)]
  0x000001a231ad9430 JavaThread "Reference Handler" daemon [_thread_blocked, id=8032, stack(0x0000008129a00000,0x0000008129b00000)]
  0x000001a231ada000 JavaThread "Finalizer" daemon [_thread_blocked, id=15796, stack(0x0000008129b00000,0x0000008129c00000)]
  0x000001a2322f3bc0 JavaThread "Attach Listener" daemon [_thread_blocked, id=16484, stack(0x0000008129d00000,0x0000008129e00000)]
  0x000001a2322f5a80 JavaThread "Service Thread" daemon [_thread_blocked, id=1560, stack(0x0000008129e00000,0x0000008129f00000)]
  0x000001a2322f6860 JavaThread "C2 CompilerThread0" daemon [_thread_blocked, id=4408, stack(0x0000008129f00000,0x000000812a000000)]
  0x000001a2322fa900 JavaThread "C1 CompilerThread0" daemon [_thread_blocked, id=12132, stack(0x000000812a000000,0x000000812a100000)]
  0x000001a232313bc0 JavaThread "Sweeper thread" daemon [_thread_blocked, id=1344, stack(0x000000812a100000,0x000000812a200000)]
  0x000001a2324206f0 JavaThread "Common-Cleaner" daemon [_thread_blocked, id=14700, stack(0x000000812a200000,0x000000812a300000)]
  0x000001a2326849d0 JavaThread "JDWP Event Helper Thread" daemon [_thread_blocked, id=16040, stack(0x000000812a600000,0x000000812a700000)]
  0x000001a232ebf770 JavaThread "Notification Thread" daemon [_thread_blocked, id=9828, stack(0x000000812a800000,0x000000812a900000)]
  0x000001a234c27e80 JavaThread "QuantumRenderer-0" daemon [_thread_blocked, id=17456, stack(0x000000812aa00000,0x000000812ab00000)]
  0x000001a234c26670 JavaThread "InvokeLaterDispatcher" daemon [_thread_blocked, id=16348, stack(0x000000812ac00000,0x000000812ad00000)]
  0x000001a234c28350 JavaThread "JavaFX Application Thread" [_thread_in_native, id=18108, stack(0x000000812ad00000,0x000000812ae00000)]
  0x000001a234c279b0 JavaThread "Thread-1" daemon [_thread_in_native, id=10200, stack(0x000000812af20000,0x000000812b020000)]
  0x000001a234c261a0 JavaThread "JavaFX-Launcher" [_thread_blocked, id=5552, stack(0x000000812b020000,0x000000812b120000)]
  0x000001a234c25cd0 JavaThread "Prism Font Disposer" daemon [_thread_blocked, id=304, stack(0x000000812b720000,0x000000812b820000)]
  0x000001a234f628f0 JavaThread "Cleaner-0" daemon [_thread_blocked, id=13044, stack(0x000000812b820000,0x000000812b920000)]
  0x000001a234f5f400 JavaThread "SIGINT handler" daemon [_thread_blocked, id=13876, stack(0x000000812a500000,0x000000812a600000)]

Other Threads:
=>0x000001a231ad6ba0 VMThread "VM Thread" [stack: 0x0000008129900000,0x0000008129a00000] [id=12868]
  0x000001a20e0532b0 GCTaskThread "GC Thread#0" [stack: 0x0000008129400000,0x0000008129500000] [id=2920]
  0x000001a2331e6300 GCTaskThread "GC Thread#1" [stack: 0x000000812b120000,0x000000812b220000] [id=13940]
  0x000001a2331e6630 GCTaskThread "GC Thread#2" [stack: 0x000000812b220000,0x000000812b320000] [id=17136]
  0x000001a2331e7fb0 GCTaskThread "GC Thread#3" [stack: 0x000000812b320000,0x000000812b420000] [id=9040]
  0x000001a2331e6fc0 GCTaskThread "GC Thread#4" [stack: 0x000000812b420000,0x000000812b520000] [id=2500]
  0x000001a2331e8fa0 GCTaskThread "GC Thread#5" [stack: 0x000000812b520000,0x000000812b620000] [id=9544]
  0x000001a20e065190 ConcurrentGCThread "G1 Main Marker" [stack: 0x0000008129500000,0x0000008129600000] [id=11280]
  0x000001a20e067530 ConcurrentGCThread "G1 Conc#0" [stack: 0x0000008129600000,0x0000008129700000] [id=664]
  0x000001a20e0dd830 ConcurrentGCThread "G1 Refine#0" [stack: 0x0000008129700000,0x0000008129800000] [id=13728]
  0x000001a20e0de430 ConcurrentGCThread "G1 Young RemSet Sampling" [stack: 0x0000008129800000,0x0000008129900000] [id=11852]

Threads with active compile tasks:

VM state: at safepoint (shutting down)

VM Mutex/Monitor currently owned by a thread:  ([mutex/lock_event])
[0x000001a20dffcf60] Threads_lock - owner thread: 0x000001a231ad6ba0
[0x000001a20dffc810] Heap_lock - owner thread: 0x000001a234f5f400

Heap address: 0x0000000702800000, size: 4056 MB, Compressed Oops mode: Zero based, Oop shift amount: 3
CDS archive(s) mapped at: [0x0000000800000000-0x0000000800b50000-0x0000000800b50000), size 11862016, SharedBaseAddress: 0x0000000800000000, ArchiveRelocationMode: 0.
Compressed class space mapped at: 0x0000000800b50000-0x0000000840b50000, size: 1073741824
Narrow klass base: 0x0000000800000000, Narrow klass shift: 3, Narrow klass range: 0x100000000

GC Precious Log:
 CPUs: 12 total, 12 available
 Memory: 16222M
 Large Page Support: Disabled
 NUMA Support: Disabled
 Compressed Oops: Enabled (Zero based)
 Heap Region Size: 2M
 Heap Min Capacity: 8M
 Heap Initial Capacity: 254M
 Heap Max Capacity: 4056M
 Pre-touch: Disabled
 Parallel Workers: 10
 Concurrent Workers: 3
 Concurrent Refinement Workers: 10
 Periodic GC: Disabled

Heap:
 garbage-first heap   total 260096K, used 40230K [0x0000000702800000, 0x0000000800000000)
  region size 2048K, 13 young (26624K), 2 survivors (4096K)
 Metaspace       used 13826K, capacity 15507K, committed 15616K, reserved 1062912K
  class space    used 1989K, capacity 2202K, committed 2304K, reserved 1048576K

Heap Regions: E=young(eden), S=young(survivor), O=old, HS=humongous(starts), HC=humongous(continues), CS=collection set, F=free, OA=open archive, CA=closed archive, TAMS=top-at-mark-start (previous, next)
|   0|0x0000000702800000, 0x0000000702a00000, 0x0000000702a00000|100%| O|  |TAMS 0x0000000702800000, 0x0000000702800000| Untracked 
|   1|0x0000000702a00000, 0x0000000702c00000, 0x0000000702c00000|100%|HS|  |TAMS 0x0000000702a00000, 0x0000000702a00000| Complete 
|   2|0x0000000702c00000, 0x0000000702e00000, 0x0000000702e00000|100%|HC|  |TAMS 0x0000000702c00000, 0x0000000702c00000| Complete 
|   3|0x0000000702e00000, 0x0000000703000000, 0x0000000703000000|100%| O|  |TAMS 0x0000000702e00000, 0x0000000702e00000| Untracked 
|   4|0x0000000703000000, 0x00000007030b3800, 0x0000000703200000| 35%| O|  |TAMS 0x0000000703000000, 0x0000000703000000| Untracked 
|   5|0x0000000703200000, 0x0000000703400000, 0x0000000703400000|100%|HS|  |TAMS 0x0000000703200000, 0x0000000703200000| Complete 
|   6|0x0000000703400000, 0x0000000703600000, 0x0000000703600000|100%|HS|  |TAMS 0x0000000703400000, 0x0000000703400000| Complete 
|   7|0x0000000703600000, 0x0000000703800000, 0x0000000703800000|100%|HC|  |TAMS 0x0000000703600000, 0x0000000703600000| Complete 
|   8|0x0000000703800000, 0x0000000703a00000, 0x0000000703a00000|100%|HC|  |TAMS 0x0000000703800000, 0x0000000703800000| Complete 
|   9|0x0000000703a00000, 0x0000000703a00000, 0x0000000703c00000|  0%| F|  |TAMS 0x0000000703a00000, 0x0000000703a00000| Untracked 
|  10|0x0000000703c00000, 0x0000000703c00000, 0x0000000703e00000|  0%| F|  |TAMS 0x0000000703c00000, 0x0000000703c00000| Untracked 
|  11|0x0000000703e00000, 0x0000000703e00000, 0x0000000704000000|  0%| F|  |TAMS 0x0000000703e00000, 0x0000000703e00000| Untracked 
|  12|0x0000000704000000, 0x0000000704000000, 0x0000000704200000|  0%| F|  |TAMS 0x0000000704000000, 0x0000000704000000| Untracked 
|  13|0x0000000704200000, 0x0000000704200000, 0x0000000704400000|  0%| F|  |TAMS 0x0000000704200000, 0x0000000704200000| Untracked 
|  14|0x0000000704400000, 0x0000000704400000, 0x0000000704600000|  0%| F|  |TAMS 0x0000000704400000, 0x0000000704400000| Untracked 
|  15|0x0000000704600000, 0x0000000704600000, 0x0000000704800000|  0%| F|  |TAMS 0x0000000704600000, 0x0000000704600000| Untracked 
|  16|0x0000000704800000, 0x0000000704800000, 0x0000000704a00000|  0%| F|  |TAMS 0x0000000704800000, 0x0000000704800000| Untracked 
|  17|0x0000000704a00000, 0x0000000704a00000, 0x0000000704c00000|  0%| F|  |TAMS 0x0000000704a00000, 0x0000000704a00000| Untracked 
|  18|0x0000000704c00000, 0x0000000704c00000, 0x0000000704e00000|  0%| F|  |TAMS 0x0000000704c00000, 0x0000000704c00000| Untracked 
|  19|0x0000000704e00000, 0x0000000704e00000, 0x0000000705000000|  0%| F|  |TAMS 0x0000000704e00000, 0x0000000704e00000| Untracked 
|  20|0x0000000705000000, 0x0000000705000000, 0x0000000705200000|  0%| F|  |TAMS 0x0000000705000000, 0x0000000705000000| Untracked 
|  21|0x0000000705200000, 0x0000000705200000, 0x0000000705400000|  0%| F|  |TAMS 0x0000000705200000, 0x0000000705200000| Untracked 
|  22|0x0000000705400000, 0x0000000705400000, 0x0000000705600000|  0%| F|  |TAMS 0x0000000705400000, 0x0000000705400000| Untracked 
|  23|0x0000000705600000, 0x0000000705600000, 0x0000000705800000|  0%| F|  |TAMS 0x0000000705600000, 0x0000000705600000| Untracked 
|  24|0x0000000705800000, 0x0000000705800000, 0x0000000705a00000|  0%| F|  |TAMS 0x0000000705800000, 0x0000000705800000| Untracked 
|  25|0x0000000705a00000, 0x0000000705a00000, 0x0000000705c00000|  0%| F|  |TAMS 0x0000000705a00000, 0x0000000705a00000| Untracked 
|  26|0x0000000705c00000, 0x0000000705c00000, 0x0000000705e00000|  0%| F|  |TAMS 0x0000000705c00000, 0x0000000705c00000| Untracked 
|  27|0x0000000705e00000, 0x0000000705e00000, 0x0000000706000000|  0%| F|  |TAMS 0x0000000705e00000, 0x0000000705e00000| Untracked 
|  28|0x0000000706000000, 0x0000000706000000, 0x0000000706200000|  0%| F|  |TAMS 0x0000000706000000, 0x0000000706000000| Untracked 
|  29|0x0000000706200000, 0x0000000706200000, 0x0000000706400000|  0%| F|  |TAMS 0x0000000706200000, 0x0000000706200000| Untracked 
|  30|0x0000000706400000, 0x0000000706400000, 0x0000000706600000|  0%| F|  |TAMS 0x0000000706400000, 0x0000000706400000| Untracked 
|  31|0x0000000706600000, 0x0000000706600000, 0x0000000706800000|  0%| F|  |TAMS 0x0000000706600000, 0x0000000706600000| Untracked 
|  32|0x0000000706800000, 0x0000000706800000, 0x0000000706a00000|  0%| F|  |TAMS 0x0000000706800000, 0x0000000706800000| Untracked 
|  33|0x0000000706a00000, 0x0000000706a00000, 0x0000000706c00000|  0%| F|  |TAMS 0x0000000706a00000, 0x0000000706a00000| Untracked 
|  34|0x0000000706c00000, 0x0000000706c00000, 0x0000000706e00000|  0%| F|  |TAMS 0x0000000706c00000, 0x0000000706c00000| Untracked 
|  35|0x0000000706e00000, 0x0000000706e00000, 0x0000000707000000|  0%| F|  |TAMS 0x0000000706e00000, 0x0000000706e00000| Untracked 
|  36|0x0000000707000000, 0x0000000707000000, 0x0000000707200000|  0%| F|  |TAMS 0x0000000707000000, 0x0000000707000000| Untracked 
|  37|0x0000000707200000, 0x0000000707200000, 0x0000000707400000|  0%| F|  |TAMS 0x0000000707200000, 0x0000000707200000| Untracked 
|  38|0x0000000707400000, 0x0000000707400000, 0x0000000707600000|  0%| F|  |TAMS 0x0000000707400000, 0x0000000707400000| Untracked 
|  39|0x0000000707600000, 0x0000000707600000, 0x0000000707800000|  0%| F|  |TAMS 0x0000000707600000, 0x0000000707600000| Untracked 
|  40|0x0000000707800000, 0x0000000707800000, 0x0000000707a00000|  0%| F|  |TAMS 0x0000000707800000, 0x0000000707800000| Untracked 
|  41|0x0000000707a00000, 0x0000000707a00000, 0x0000000707c00000|  0%| F|  |TAMS 0x0000000707a00000, 0x0000000707a00000| Untracked 
|  42|0x0000000707c00000, 0x0000000707c00000, 0x0000000707e00000|  0%| F|  |TAMS 0x0000000707c00000, 0x0000000707c00000| Untracked 
|  43|0x0000000707e00000, 0x0000000707e00000, 0x0000000708000000|  0%| F|  |TAMS 0x0000000707e00000, 0x0000000707e00000| Untracked 
|  44|0x0000000708000000, 0x0000000708000000, 0x0000000708200000|  0%| F|  |TAMS 0x0000000708000000, 0x0000000708000000| Untracked 
|  45|0x0000000708200000, 0x0000000708200000, 0x0000000708400000|  0%| F|  |TAMS 0x0000000708200000, 0x0000000708200000| Untracked 
|  46|0x0000000708400000, 0x0000000708400000, 0x0000000708600000|  0%| F|  |TAMS 0x0000000708400000, 0x0000000708400000| Untracked 
|  47|0x0000000708600000, 0x0000000708600000, 0x0000000708800000|  0%| F|  |TAMS 0x0000000708600000, 0x0000000708600000| Untracked 
|  48|0x0000000708800000, 0x0000000708800000, 0x0000000708a00000|  0%| F|  |TAMS 0x0000000708800000, 0x0000000708800000| Untracked 
|  49|0x0000000708a00000, 0x0000000708a00000, 0x0000000708c00000|  0%| F|  |TAMS 0x0000000708a00000, 0x0000000708a00000| Untracked 
|  50|0x0000000708c00000, 0x0000000708c00000, 0x0000000708e00000|  0%| F|  |TAMS 0x0000000708c00000, 0x0000000708c00000| Untracked 
|  51|0x0000000708e00000, 0x0000000708e00000, 0x0000000709000000|  0%| F|  |TAMS 0x0000000708e00000, 0x0000000708e00000| Untracked 
|  52|0x0000000709000000, 0x0000000709000000, 0x0000000709200000|  0%| F|  |TAMS 0x0000000709000000, 0x0000000709000000| Untracked 
|  53|0x0000000709200000, 0x0000000709200000, 0x0000000709400000|  0%| F|  |TAMS 0x0000000709200000, 0x0000000709200000| Untracked 
|  54|0x0000000709400000, 0x0000000709400000, 0x0000000709600000|  0%| F|  |TAMS 0x0000000709400000, 0x0000000709400000| Untracked 
|  55|0x0000000709600000, 0x0000000709600000, 0x0000000709800000|  0%| F|  |TAMS 0x0000000709600000, 0x0000000709600000| Untracked 
|  56|0x0000000709800000, 0x0000000709800000, 0x0000000709a00000|  0%| F|  |TAMS 0x0000000709800000, 0x0000000709800000| Untracked 
|  57|0x0000000709a00000, 0x0000000709a00000, 0x0000000709c00000|  0%| F|  |TAMS 0x0000000709a00000, 0x0000000709a00000| Untracked 
|  58|0x0000000709c00000, 0x0000000709c00000, 0x0000000709e00000|  0%| F|  |TAMS 0x0000000709c00000, 0x0000000709c00000| Untracked 
|  59|0x0000000709e00000, 0x0000000709e00000, 0x000000070a000000|  0%| F|  |TAMS 0x0000000709e00000, 0x0000000709e00000| Untracked 
|  60|0x000000070a000000, 0x000000070a000000, 0x000000070a200000|  0%| F|  |TAMS 0x000000070a000000, 0x000000070a000000| Untracked 
|  61|0x000000070a200000, 0x000000070a200000, 0x000000070a400000|  0%| F|  |TAMS 0x000000070a200000, 0x000000070a200000| Untracked 
|  62|0x000000070a400000, 0x000000070a400000, 0x000000070a600000|  0%| F|  |TAMS 0x000000070a400000, 0x000000070a400000| Untracked 
|  63|0x000000070a600000, 0x000000070a600000, 0x000000070a800000|  0%| F|  |TAMS 0x000000070a600000, 0x000000070a600000| Untracked 
|  64|0x000000070a800000, 0x000000070a800000, 0x000000070aa00000|  0%| F|  |TAMS 0x000000070a800000, 0x000000070a800000| Untracked 
|  65|0x000000070aa00000, 0x000000070aa00000, 0x000000070ac00000|  0%| F|  |TAMS 0x000000070aa00000, 0x000000070aa00000| Untracked 
|  66|0x000000070ac00000, 0x000000070ac00000, 0x000000070ae00000|  0%| F|  |TAMS 0x000000070ac00000, 0x000000070ac00000| Untracked 
|  67|0x000000070ae00000, 0x000000070ae00000, 0x000000070b000000|  0%| F|  |TAMS 0x000000070ae00000, 0x000000070ae00000| Untracked 
|  68|0x000000070b000000, 0x000000070b000000, 0x000000070b200000|  0%| F|  |TAMS 0x000000070b000000, 0x000000070b000000| Untracked 
|  69|0x000000070b200000, 0x000000070b200000, 0x000000070b400000|  0%| F|  |TAMS 0x000000070b200000, 0x000000070b200000| Untracked 
|  70|0x000000070b400000, 0x000000070b400000, 0x000000070b600000|  0%| F|  |TAMS 0x000000070b400000, 0x000000070b400000| Untracked 
|  71|0x000000070b600000, 0x000000070b600000, 0x000000070b800000|  0%| F|  |TAMS 0x000000070b600000, 0x000000070b600000| Untracked 
|  72|0x000000070b800000, 0x000000070b800000, 0x000000070ba00000|  0%| F|  |TAMS 0x000000070b800000, 0x000000070b800000| Untracked 
|  73|0x000000070ba00000, 0x000000070ba00000, 0x000000070bc00000|  0%| F|  |TAMS 0x000000070ba00000, 0x000000070ba00000| Untracked 
|  74|0x000000070bc00000, 0x000000070bc00000, 0x000000070be00000|  0%| F|  |TAMS 0x000000070bc00000, 0x000000070bc00000| Untracked 
|  75|0x000000070be00000, 0x000000070be00000, 0x000000070c000000|  0%| F|  |TAMS 0x000000070be00000, 0x000000070be00000| Untracked 
|  76|0x000000070c000000, 0x000000070c000000, 0x000000070c200000|  0%| F|  |TAMS 0x000000070c000000, 0x000000070c000000| Untracked 
|  77|0x000000070c200000, 0x000000070c200000, 0x000000070c400000|  0%| F|  |TAMS 0x000000070c200000, 0x000000070c200000| Untracked 
|  78|0x000000070c400000, 0x000000070c400000, 0x000000070c600000|  0%| F|  |TAMS 0x000000070c400000, 0x000000070c400000| Untracked 
|  79|0x000000070c600000, 0x000000070c600000, 0x000000070c800000|  0%| F|  |TAMS 0x000000070c600000, 0x000000070c600000| Untracked 
|  80|0x000000070c800000, 0x000000070c800000, 0x000000070ca00000|  0%| F|  |TAMS 0x000000070c800000, 0x000000070c800000| Untracked 
|  81|0x000000070ca00000, 0x000000070ca00000, 0x000000070cc00000|  0%| F|  |TAMS 0x000000070ca00000, 0x000000070ca00000| Untracked 
|  82|0x000000070cc00000, 0x000000070cc00000, 0x000000070ce00000|  0%| F|  |TAMS 0x000000070cc00000, 0x000000070cc00000| Untracked 
|  83|0x000000070ce00000, 0x000000070ce00000, 0x000000070d000000|  0%| F|  |TAMS 0x000000070ce00000, 0x000000070ce00000| Untracked 
|  84|0x000000070d000000, 0x000000070d000000, 0x000000070d200000|  0%| F|  |TAMS 0x000000070d000000, 0x000000070d000000| Untracked 
|  85|0x000000070d200000, 0x000000070d200000, 0x000000070d400000|  0%| F|  |TAMS 0x000000070d200000, 0x000000070d200000| Untracked 
|  86|0x000000070d400000, 0x000000070d400000, 0x000000070d600000|  0%| F|  |TAMS 0x000000070d400000, 0x000000070d400000| Untracked 
|  87|0x000000070d600000, 0x000000070d600000, 0x000000070d800000|  0%| F|  |TAMS 0x000000070d600000, 0x000000070d600000| Untracked 
|  88|0x000000070d800000, 0x000000070d800000, 0x000000070da00000|  0%| F|  |TAMS 0x000000070d800000, 0x000000070d800000| Untracked 
|  89|0x000000070da00000, 0x000000070da00000, 0x000000070dc00000|  0%| F|  |TAMS 0x000000070da00000, 0x000000070da00000| Untracked 
|  90|0x000000070dc00000, 0x000000070dc00000, 0x000000070de00000|  0%| F|  |TAMS 0x000000070dc00000, 0x000000070dc00000| Untracked 
|  91|0x000000070de00000, 0x000000070de00000, 0x000000070e000000|  0%| F|  |TAMS 0x000000070de00000, 0x000000070de00000| Untracked 
|  92|0x000000070e000000, 0x000000070e000000, 0x000000070e200000|  0%| F|  |TAMS 0x000000070e000000, 0x000000070e000000| Untracked 
|  93|0x000000070e200000, 0x000000070e200000, 0x000000070e400000|  0%| F|  |TAMS 0x000000070e200000, 0x000000070e200000| Untracked 
|  94|0x000000070e400000, 0x000000070e400000, 0x000000070e600000|  0%| F|  |TAMS 0x000000070e400000, 0x000000070e400000| Untracked 
|  95|0x000000070e600000, 0x000000070e600000, 0x000000070e800000|  0%| F|  |TAMS 0x000000070e600000, 0x000000070e600000| Untracked 
|  96|0x000000070e800000, 0x000000070e800000, 0x000000070ea00000|  0%| F|  |TAMS 0x000000070e800000, 0x000000070e800000| Untracked 
|  97|0x000000070ea00000, 0x000000070ea00000, 0x000000070ec00000|  0%| F|  |TAMS 0x000000070ea00000, 0x000000070ea00000| Untracked 
|  98|0x000000070ec00000, 0x000000070ec00000, 0x000000070ee00000|  0%| F|  |TAMS 0x000000070ec00000, 0x000000070ec00000| Untracked 
|  99|0x000000070ee00000, 0x000000070ee00000, 0x000000070f000000|  0%| F|  |TAMS 0x000000070ee00000, 0x000000070ee00000| Untracked 
| 100|0x000000070f000000, 0x000000070f000000, 0x000000070f200000|  0%| F|  |TAMS 0x000000070f000000, 0x000000070f000000| Untracked 
| 101|0x000000070f200000, 0x000000070f200000, 0x000000070f400000|  0%| F|  |TAMS 0x000000070f200000, 0x000000070f200000| Untracked 
| 102|0x000000070f400000, 0x000000070f400000, 0x000000070f600000|  0%| F|  |TAMS 0x000000070f400000, 0x000000070f400000| Untracked 
| 103|0x000000070f600000, 0x000000070f600000, 0x000000070f800000|  0%| F|  |TAMS 0x000000070f600000, 0x000000070f600000| Untracked 
| 104|0x000000070f800000, 0x000000070f800000, 0x000000070fa00000|  0%| F|  |TAMS 0x000000070f800000, 0x000000070f800000| Untracked 
| 105|0x000000070fa00000, 0x000000070fa00000, 0x000000070fc00000|  0%| F|  |TAMS 0x000000070fa00000, 0x000000070fa00000| Untracked 
| 106|0x000000070fc00000, 0x000000070fc00000, 0x000000070fe00000|  0%| F|  |TAMS 0x000000070fc00000, 0x000000070fc00000| Untracked 
| 107|0x000000070fe00000, 0x000000070fe00000, 0x0000000710000000|  0%| F|  |TAMS 0x000000070fe00000, 0x000000070fe00000| Untracked 
| 108|0x0000000710000000, 0x0000000710000000, 0x0000000710200000|  0%| F|  |TAMS 0x0000000710000000, 0x0000000710000000| Untracked 
| 109|0x0000000710200000, 0x00000007102961e0, 0x0000000710400000| 29%| S|CS|TAMS 0x0000000710200000, 0x0000000710200000| Complete 
| 110|0x0000000710400000, 0x0000000710600000, 0x0000000710600000|100%| S|CS|TAMS 0x0000000710400000, 0x0000000710400000| Complete 
| 111|0x0000000710600000, 0x0000000710600000, 0x0000000710800000|  0%| F|  |TAMS 0x0000000710600000, 0x0000000710600000| Untracked 
| 112|0x0000000710800000, 0x0000000710800000, 0x0000000710a00000|  0%| F|  |TAMS 0x0000000710800000, 0x0000000710800000| Untracked 
| 113|0x0000000710a00000, 0x0000000710a00000, 0x0000000710c00000|  0%| F|  |TAMS 0x0000000710a00000, 0x0000000710a00000| Untracked 
| 114|0x0000000710c00000, 0x0000000710c00000, 0x0000000710e00000|  0%| F|  |TAMS 0x0000000710c00000, 0x0000000710c00000| Untracked 
| 115|0x0000000710e00000, 0x0000000710e00000, 0x0000000711000000|  0%| F|  |TAMS 0x0000000710e00000, 0x0000000710e00000| Untracked 
| 116|0x0000000711000000, 0x00000007110980f8, 0x0000000711200000| 29%| E|  |TAMS 0x0000000711000000, 0x0000000711000000| Complete 
| 117|0x0000000711200000, 0x0000000711400000, 0x0000000711400000|100%| E|CS|TAMS 0x0000000711200000, 0x0000000711200000| Complete 
| 118|0x0000000711400000, 0x0000000711600000, 0x0000000711600000|100%| E|CS|TAMS 0x0000000711400000, 0x0000000711400000| Complete 
| 119|0x0000000711600000, 0x0000000711800000, 0x0000000711800000|100%| E|CS|TAMS 0x0000000711600000, 0x0000000711600000| Complete 
| 120|0x0000000711800000, 0x0000000711a00000, 0x0000000711a00000|100%| E|CS|TAMS 0x0000000711800000, 0x0000000711800000| Complete 
| 121|0x0000000711a00000, 0x0000000711c00000, 0x0000000711c00000|100%| E|CS|TAMS 0x0000000711a00000, 0x0000000711a00000| Complete 
| 122|0x0000000711c00000, 0x0000000711e00000, 0x0000000711e00000|100%| E|CS|TAMS 0x0000000711c00000, 0x0000000711c00000| Complete 
| 123|0x0000000711e00000, 0x0000000712000000, 0x0000000712000000|100%| E|CS|TAMS 0x0000000711e00000, 0x0000000711e00000| Complete 
| 124|0x0000000712000000, 0x0000000712200000, 0x0000000712200000|100%| E|CS|TAMS 0x0000000712000000, 0x0000000712000000| Complete 
| 125|0x0000000712200000, 0x0000000712400000, 0x0000000712400000|100%| E|CS|TAMS 0x0000000712200000, 0x0000000712200000| Complete 
| 126|0x0000000712400000, 0x0000000712600000, 0x0000000712600000|100%| E|CS|TAMS 0x0000000712400000, 0x0000000712400000| Complete 

Card table byte_map: [0x000001a225f90000,0x000001a226780000] _byte_map_base: 0x000001a22277c000

Marking Bits (Prev, Next): (CMBitMap*) 0x000001a20e054ab0, (CMBitMap*) 0x000001a20e054af0
 Prev Bits: [0x000001a226f70000, 0x000001a22aed0000)
 Next Bits: [0x000001a22aed0000, 0x000001a22ee30000)

Polling scene: 0x000001a20be60000

Metaspace:

Usage:
  Non-class:     12.99 MB capacity,    11.56 MB ( 89%) used,     1.41 MB ( 11%) free+waste,    20.06 KB ( <1%) overhead. 
      Class:      2.15 MB capacity,     1.94 MB ( 90%) used,   204.06 KB (  9%) free+waste,     8.81 KB ( <1%) overhead. 
       Both:     15.14 MB capacity,    13.50 MB ( 89%) used,     1.61 MB ( 11%) free+waste,    28.88 KB ( <1%) overhead. 

Virtual space:
  Non-class space:       14.00 MB reserved,      13.00 MB ( 93%) committed 
      Class space:        1.00 GB reserved,       2.25 MB ( <1%) committed 
             Both:        1.01 GB reserved,      15.25 MB (  1%) committed 

Chunk freelists:
   Non-Class:  7.00 KB
       Class:  6.00 KB
        Both:  13.00 KB

MaxMetaspaceSize: 17179869184.00 GB
CompressedClassSpaceSize: 1.00 GB

CodeHeap 'non-profiled nmethods': size=120000Kb used=883Kb max_used=883Kb free=119116Kb
 bounds [0x000001a21dd10000, 0x000001a21df80000, 0x000001a225240000]
CodeHeap 'profiled nmethods': size=120000Kb used=3741Kb max_used=3741Kb free=116258Kb
 bounds [0x000001a2167e0000, 0x000001a216b90000, 0x000001a21dd10000]
CodeHeap 'non-nmethods': size=5760Kb used=1509Kb max_used=1530Kb free=4250Kb
 bounds [0x000001a216240000, 0x000001a2164b0000, 0x000001a2167e0000]
 total_blobs=2879 nmethods=2134 adapters=657
 compilation: enabled
              stopped_count=0, restarted_count=0
 full_count=0

Compilation events (20 events):
Event: 14.796 Thread 0x000001a2322fa900 2125       3       com.sun.javafx.tk.quantum.GlassViewEventHandler::mouseEventType (102 bytes)
Event: 14.797 Thread 0x000001a2322fa900 nmethod 2125 0x000001a216b84910 code [0x000001a216b84ae0, 0x000001a216b84e88]
Event: 14.797 Thread 0x000001a2322fa900 2126       3       com.sun.javafx.tk.quantum.GlassViewEventHandler::mouseEventButton (60 bytes)
Event: 14.797 Thread 0x000001a2322fa900 nmethod 2126 0x000001a216b84f90 code [0x000001a216b85140, 0x000001a216b85378]
Event: 14.797 Thread 0x000001a2322fa900 2127       3       javafx.scene.Scene$ScenePeerListener::mouseEvent (54 bytes)
Event: 14.797 Thread 0x000001a2322fa900 nmethod 2127 0x000001a216b85410 code [0x000001a216b855c0, 0x000001a216b859d8]
Event: 14.797 Thread 0x000001a2322fa900 2128       3       javafx.scene.Scene::processMouseEvent (10 bytes)
Event: 14.797 Thread 0x000001a2322fa900 nmethod 2128 0x000001a216b85c90 code [0x000001a216b85e40, 0x000001a216b85fa8]
Event: 14.797 Thread 0x000001a2322fa900 2129       3       java.util.EnumMap$Values::iterator (12 bytes)
Event: 14.797 Thread 0x000001a2322fa900 nmethod 2129 0x000001a216b86090 code [0x000001a216b86240, 0x000001a216b86598]
Event: 14.797 Thread 0x000001a2322fa900 2130       3       java.util.EnumMap$ValueIterator::<init> (11 bytes)
Event: 14.797 Thread 0x000001a2322fa900 nmethod 2130 0x000001a216b86690 code [0x000001a216b86840, 0x000001a216b86ad8]
Event: 14.797 Thread 0x000001a2322fa900 2131       3       java.util.EnumMap$EnumMapIterator::<init> (20 bytes)
Event: 14.797 Thread 0x000001a2322fa900 nmethod 2131 0x000001a216b86b90 code [0x000001a216b86d20, 0x000001a216b86ef8]
Event: 14.800 Thread 0x000001a2322fa900 2132       3       javafx.scene.Scene$MouseHandler::updateCursor (36 bytes)
Event: 14.800 Thread 0x000001a2322fa900 nmethod 2132 0x000001a216b86f90 code [0x000001a216b87160, 0x000001a216b87518]
Event: 15.132 Thread 0x000001a2322fa900 2133       1       javafx.util.Duration::toMillis (5 bytes)
Event: 15.132 Thread 0x000001a2322fa900 nmethod 2133 0x000001a21ddec690 code [0x000001a21ddec820, 0x000001a21ddec8d8]
Event: 15.308 Thread 0x000001a2322fa900 2134       1       javafx.animation.Animation$AnimationReadOnlyProperty::get (5 bytes)
Event: 15.308 Thread 0x000001a2322fa900 nmethod 2134 0x000001a21ddec990 code [0x000001a21ddecb20, 0x000001a21ddecbd8]

GC Heap History (4 events):
Event: 0.487 GC heap before
{Heap before GC invocations=0 (full 0):
 garbage-first heap   total 260096K, used 20480K [0x0000000702800000, 0x0000000800000000)
  region size 2048K, 11 young (22528K), 0 survivors (0K)
 Metaspace       used 4057K, capacity 6948K, committed 7168K, reserved 1056768K
  class space    used 427K, capacity 696K, committed 768K, reserved 1048576K
}
Event: 0.490 GC heap after
{Heap after GC invocations=1 (full 0):
 garbage-first heap   total 260096K, used 4779K [0x0000000702800000, 0x0000000800000000)
  region size 2048K, 2 young (4096K), 2 survivors (4096K)
 Metaspace       used 4057K, capacity 6948K, committed 7168K, reserved 1056768K
  class space    used 427K, capacity 696K, committed 768K, reserved 1048576K
}
Event: 3.366 GC heap before
{Heap before GC invocations=1 (full 0):
 garbage-first heap   total 260096K, used 35499K [0x0000000702800000, 0x0000000800000000)
  region size 2048K, 16 young (32768K), 2 survivors (4096K)
 Metaspace       used 10807K, capacity 12683K, committed 12928K, reserved 1060864K
  class space    used 1448K, capacity 1645K, committed 1664K, reserved 1048576K
}
Event: 3.369 GC heap after
{Heap after GC invocations=2 (full 0):
 garbage-first heap   total 260096K, used 11558K [0x0000000702800000, 0x0000000800000000)
  region size 2048K, 2 young (4096K), 2 survivors (4096K)
 Metaspace       used 10807K, capacity 12683K, committed 12928K, reserved 1060864K
  class space    used 1448K, capacity 1645K, committed 1664K, reserved 1048576K
}

Deoptimization events (20 events):
Event: 3.278 Thread 0x000001a234c28350 Uncommon trap: trap_request=0xffffffde fr.pc=0x000001a21dd226bc relative=0x000000000000019c
Event: 3.278 Thread 0x000001a234c28350 Uncommon trap: reason=class_check action=maybe_recompile pc=0x000001a21dd226bc method=java.lang.String.equals(Ljava/lang/Object;)Z @ 8 c2
Event: 3.278 Thread 0x000001a234c28350 DEOPT PACKING pc=0x000001a21dd226bc sp=0x000000812adfd830
Event: 3.278 Thread 0x000001a234c28350 DEOPT UNPACKING pc=0x000001a21628e42f sp=0x000000812adfd7d8 mode 2
Event: 3.278 Thread 0x000001a234c28350 Uncommon trap: trap_request=0xffffffde fr.pc=0x000001a21dd226bc relative=0x000000000000019c
Event: 3.278 Thread 0x000001a234c28350 Uncommon trap: reason=class_check action=maybe_recompile pc=0x000001a21dd226bc method=java.lang.String.equals(Ljava/lang/Object;)Z @ 8 c2
Event: 3.278 Thread 0x000001a234c28350 DEOPT PACKING pc=0x000001a21dd226bc sp=0x000000812adfd830
Event: 3.278 Thread 0x000001a234c28350 DEOPT UNPACKING pc=0x000001a21628e42f sp=0x000000812adfd7d8 mode 2
Event: 3.278 Thread 0x000001a234c28350 Uncommon trap: trap_request=0xffffffde fr.pc=0x000001a21dd226bc relative=0x000000000000019c
Event: 3.278 Thread 0x000001a234c28350 Uncommon trap: reason=class_check action=maybe_recompile pc=0x000001a21dd226bc method=java.lang.String.equals(Ljava/lang/Object;)Z @ 8 c2
Event: 3.278 Thread 0x000001a234c28350 DEOPT PACKING pc=0x000001a21dd226bc sp=0x000000812adfd490
Event: 3.278 Thread 0x000001a234c28350 DEOPT UNPACKING pc=0x000001a21628e42f sp=0x000000812adfd438 mode 2
Event: 3.313 Thread 0x000001a234c28350 Uncommon trap: trap_request=0xffffff45 fr.pc=0x000001a21dd7e17c relative=0x00000000000001dc
Event: 3.313 Thread 0x000001a234c28350 Uncommon trap: reason=unstable_if action=reinterpret pc=0x000001a21dd7e17c method=java.io.ByteArrayInputStream.read()I @ 8 c2
Event: 3.313 Thread 0x000001a234c28350 DEOPT PACKING pc=0x000001a21dd7e17c sp=0x000000812adfc430
Event: 3.313 Thread 0x000001a234c28350 DEOPT UNPACKING pc=0x000001a21628e42f sp=0x000000812adfc3e8 mode 2
Event: 6.269 Thread 0x000001a234c27e80 DEOPT PACKING pc=0x000001a216a79380 sp=0x000000812aafdc40
Event: 6.269 Thread 0x000001a234c27e80 DEOPT UNPACKING pc=0x000001a21628e23f sp=0x000000812aafd060 mode 0
Event: 24.012 Thread 0x000001a234f615b0 DEOPT PACKING pc=0x000001a2169e9154 sp=0x000000812ba8edc0
Event: 24.012 Thread 0x000001a234f615b0 DEOPT UNPACKING pc=0x000001a21628e23f sp=0x000000812ba8e220 mode 1

Classes unloaded (0 events):
No events

Classes redefined (0 events):
No events

Internal exceptions (20 events):
Event: 0.528 Thread 0x000001a234c28350 Exception <a 'java/lang/NullPointerException'{0x000000071208ecf8}> (0x000000071208ecf8) 
thrown [./open/src/hotspot/share/interpreter/linkResolver.cpp, line 1374]
Event: 0.531 Thread 0x000001a234c28350 Exception <a 'java/lang/NoSuchMethodError'{0x00000007120c3040}: 'void java.lang.invoke.DirectMethodHandle$Holder.invokeSpecial(java.lang.Object, java.lang.Object, java.lang.Object, java.lang.Object, java.lang.Object)'> (0x00000007120c3040) 
thrown [./open/src/hotspot/share/interpreter/linkResolver.cpp, line 782]
Event: 0.596 Thread 0x000001a234c28350 Exception <a 'java/lang/NoSuchMethodError'{0x0000000711bdbb90}: 'void java.lang.invoke.DirectMethodHandle$Holder.invokeStaticInit(java.lang.Object, java.lang.Object)'> (0x0000000711bdbb90) 
thrown [./open/src/hotspot/share/interpreter/linkResolver.cpp, line 782]
Event: 0.660 Thread 0x000001a234c28350 Implicit null exception at 0x000001a21dd851d6 to 0x000001a21dd85b48
Event: 0.669 Thread 0x000001a234c28350 Implicit null exception at 0x000001a21dd3302f to 0x000001a21dd330ad
Event: 3.296 Thread 0x000001a234c28350 Exception <a 'java/lang/NoSuchMethodError'{0x0000000710b79570}: 'java.lang.Object java.lang.invoke.DirectMethodHandle$Holder.invokeInterface(java.lang.Object, java.lang.Object, java.lang.Object)'> (0x0000000710b79570) 
thrown [./open/src/hotspot/share/interpreter/linkResolver.cpp, line 782]
Event: 3.296 Thread 0x000001a234c28350 Exception <a 'java/lang/IncompatibleClassChangeError'{0x0000000710b7d0f0}: Found class java.lang.Object, but interface was expected> (0x0000000710b7d0f0) 
thrown [./open/src/hotspot/share/interpreter/linkResolver.cpp, line 848]
Event: 3.324 Thread 0x000001a234c28350 Exception <a 'java/lang/NoSuchMethodError'{0x0000000710940258}: 'java.lang.Object java.lang.invoke.DirectMethodHandle$Holder.newInvokeSpecial(java.lang.Object, java.lang.Object, int)'> (0x0000000710940258) 
thrown [./open/src/hotspot/share/interpreter/linkResolver.cpp, line 782]
Event: 3.336 Thread 0x000001a234c27e80 Exception <a 'java/lang/NoSuchMethodError'{0x000000071061e378}: 'int java.lang.invoke.DirectMethodHandle$Holder.invokeStaticInit(java.lang.Object, java.lang.Object)'> (0x000000071061e378) 
thrown [./open/src/hotspot/share/interpreter/linkResolver.cpp, line 782]
Event: 4.602 Thread 0x000001a234c28350 Exception <a 'java/lang/NoSuchMethodError'{0x0000000712132420}: 'long java.lang.invoke.DirectMethodHandle$Holder.invokeStatic(java.lang.Object, java.lang.Object, java.lang.Object)'> (0x0000000712132420) 
thrown [./open/src/hotspot/share/interpreter/linkResolver.cpp, line 782]
Event: 4.602 Thread 0x000001a234c28350 Exception <a 'java/lang/NoSuchMethodError'{0x0000000712136078}: 'long java.lang.invoke.DirectMethodHandle$Holder.invokeStaticInit(java.lang.Object, java.lang.Object, java.lang.Object)'> (0x0000000712136078) 
thrown [./open/src/hotspot/share/interpreter/linkResolver.cpp, line 782]
Event: 4.604 Thread 0x000001a234c28350 Exception <a 'java/lang/NoSuchMethodError'{0x000000071214e380}: 'java.lang.Object java.lang.invoke.DirectMethodHandle$Holder.newInvokeSpecial(java.lang.Object, java.lang.Object, long)'> (0x000000071214e380) 
thrown [./open/src/hotspot/share/interpreter/linkResolver.cpp, line 782]
Event: 4.604 Thread 0x000001a234c28350 Exception <a 'java/lang/NoSuchMethodError'{0x00000007121520f0}: 'java.lang.Object java.lang.invoke.Invokers$Holder.linkToTargetMethod(java.lang.Object, long, java.lang.Object)'> (0x00000007121520f0) 
thrown [./open/src/hotspot/share/interpreter/linkResolver.cpp, line 782]
Event: 6.183 Thread 0x000001a234c28350 Exception <a 'java/lang/NoSuchMethodError'{0x0000000711fcf6e8}: 'void java.lang.invoke.DirectMethodHandle$Holder.invokeSpecial(java.lang.Object, java.lang.Object, java.lang.Object, java.lang.Object, java.lang.Object, java.lang.Object)'> (0x0000000711fcf6e8) 
thrown [./open/src/hotspot/share/interpreter/linkResolver.cpp, line 782]
Event: 6.194 Thread 0x000001a234c28350 Exception <a 'java/lang/ClassNotFoundException'{0x0000000711d04520}: com/sun/javafx/scene/control/skin/resources/controls> (0x0000000711d04520)
thrown [./open/src/hotspot/share/prims/jni.cpp, line 599]
Event: 6.194 Thread 0x000001a234c28350 Exception <a 'java/lang/ClassNotFoundException'{0x0000000711d12840}: com/sun/javafx/scene/control/skin/resources/controls_en> (0x0000000711d12840)
thrown [./open/src/hotspot/share/prims/jni.cpp, line 599]
Event: 6.195 Thread 0x000001a234c28350 Exception <a 'java/lang/ClassNotFoundException'{0x0000000711d142f8}: com/sun/javafx/scene/control/skin/resources/controls_en_US> (0x0000000711d142f8)
thrown [./open/src/hotspot/share/prims/jni.cpp, line 599]
Event: 7.047 Thread 0x000001a234c28350 Exception <a 'java/lang/NoSuchMethodError'{0x0000000711623870}: 'java.lang.Object java.lang.invoke.DirectMethodHandle$Holder.newInvokeSpecial(java.lang.Object, java.lang.Object, int, int, int, int, int, java.lang.Object)'> (0x0000000711623870) 
thrown [./open/src/hotspot/share/interpreter/linkResolver.cpp, line 782]
Event: 7.048 Thread 0x000001a234c28350 Exception <a 'java/lang/NoSuchMethodError'{0x0000000711637930}: 'java.lang.Object java.lang.invoke.DirectMethodHandle$Holder.newInvokeSpecial(java.lang.Object, java.lang.Object, java.lang.Object, int, int, int, int, int)'> (0x0000000711637930) 
thrown [./open/src/hotspot/share/interpreter/linkResolver.cpp, line 782]
Event: 7.049 Thread 0x000001a234c28350 Exception <a 'java/lang/NoSuchMethodError'{0x000000071163fc88}: 'java.lang.Object java.lang.invoke.Invokers$Holder.linkToTargetMethod(java.lang.Object, java.lang.Object, int, int, int, int, int, java.lang.Object)'> (0x000000071163fc88) 
thrown [./open/src/hotspot/share/interpreter/linkResolver.cpp, line 782]

Events (20 events):
Event: 23.998 Executing VM operation: ChangeBreakpoints
Event: 23.998 Executing VM operation: ChangeBreakpoints done
Event: 23.998 Executing VM operation: ChangeBreakpoints
Event: 23.998 Executing VM operation: ChangeBreakpoints done
Event: 23.999 Thread 0x000001a2329eef80 Thread exited: 0x000001a2329eef80
Event: 24.011 loading class jdk/internal/misc/Signal$1
Event: 24.011 loading class jdk/internal/misc/Signal$1 done
Event: 24.011 Thread 0x000001a234f5f400 Thread added: 0x000001a234f5f400
Event: 24.012 Thread 0x000001a234f60270 Thread added: 0x000001a234f60270
Event: 24.012 Thread 0x000001a234f615b0 Thread added: 0x000001a234f615b0
Event: 24.012 Thread 0x000001a234f60270 Thread exited: 0x000001a234f60270
Event: 24.012 loading class com/sun/javafx/tk/quantum/QuantumRenderer
Event: 24.012 loading class com/sun/javafx/tk/quantum/QuantumRenderer done
Event: 24.012 loading class com/sun/javafx/tk/quantum/QuantumToolkit
Event: 24.012 loading class com/sun/javafx/tk/quantum/QuantumToolkit done
Event: 24.012 loading class java/util/LinkedList$ListItr
Event: 24.012 loading class java/util/LinkedList$ListItr done
Event: 24.012 Thread 0x000001a234f615b0 Thread exited: 0x000001a234f615b0
Event: 24.013 Executing VM operation: Exit
Event: 24.013 Thread 0x000001a2322f1100 Thread exited: 0x000001a2322f1100


Dynamic libraries:
0x00007ff6e0fc0000 - 0x00007ff6e0fcf000 	C:\Program Files\Java\jdk-15.0.1\bin\java.exe
0x00007ffe50a10000 - 0x00007ffe50c06000 	C:\WINDOWS\SYSTEM32\ntdll.dll
0x00007ffe4ea90000 - 0x00007ffe4eb4d000 	C:\WINDOWS\System32\KERNEL32.DLL
0x00007ffe4e440000 - 0x00007ffe4e708000 	C:\WINDOWS\System32\KERNELBASE.dll
0x00007ffe4e810000 - 0x00007ffe4e910000 	C:\WINDOWS\System32\ucrtbase.dll
0x00007ffe33390000 - 0x00007ffe333a9000 	C:\Program Files\Java\jdk-15.0.1\bin\VCRUNTIME140.dll
0x00007ffe218c0000 - 0x00007ffe218d8000 	C:\Program Files\Java\jdk-15.0.1\bin\jli.dll
0x00007ffe4eea0000 - 0x00007ffe4ef4c000 	C:\WINDOWS\System32\ADVAPI32.dll
0x00007ffe4fec0000 - 0x00007ffe4ff5e000 	C:\WINDOWS\System32\msvcrt.dll
0x00007ffe4f6a0000 - 0x00007ffe4f73b000 	C:\WINDOWS\System32\sechost.dll
0x00007ffe506b0000 - 0x00007ffe507d4000 	C:\WINDOWS\System32\RPCRT4.dll
0x00007ffe502c0000 - 0x00007ffe50460000 	C:\WINDOWS\System32\USER32.dll
0x00007ffe34440000 - 0x00007ffe346db000 	C:\WINDOWS\WinSxS\amd64_microsoft.windows.common-controls_6595b64144ccf1df_6.0.19041.488_none_ca04af081b815d21\COMCTL32.dll
0x00007ffe4e150000 - 0x00007ffe4e172000 	C:\WINDOWS\System32\win32u.dll
0x00007ffe50680000 - 0x00007ffe506aa000 	C:\WINDOWS\System32\GDI32.dll
0x00007ffe4e330000 - 0x00007ffe4e439000 	C:\WINDOWS\System32\gdi32full.dll
0x00007ffe4e770000 - 0x00007ffe4e80d000 	C:\WINDOWS\System32\msvcp_win.dll
0x00007ffe43660000 - 0x00007ffe4366a000 	C:\WINDOWS\SYSTEM32\VERSION.dll
0x00007ffe505e0000 - 0x00007ffe50610000 	C:\WINDOWS\System32\IMM32.DLL
0x00007ffe450a0000 - 0x00007ffe450ac000 	C:\Program Files\Java\jdk-15.0.1\bin\vcruntime140_1.dll
0x00007ffe1b4c0000 - 0x00007ffe1b551000 	C:\Program Files\Java\jdk-15.0.1\bin\msvcp140.dll
0x00007ffe0a8c0000 - 0x00007ffe0b41e000 	C:\Program Files\Java\jdk-15.0.1\bin\server\jvm.dll
0x00007ffe507e0000 - 0x00007ffe507e8000 	C:\WINDOWS\System32\PSAPI.DLL
0x00007ffe48470000 - 0x00007ffe48479000 	C:\WINDOWS\SYSTEM32\WSOCK32.dll
0x00007ffe3ddd0000 - 0x00007ffe3ddf7000 	C:\WINDOWS\SYSTEM32\WINMM.dll
0x00007ffe50870000 - 0x00007ffe508db000 	C:\WINDOWS\System32\WS2_32.dll
0x00007ffe4ca30000 - 0x00007ffe4ca42000 	C:\WINDOWS\SYSTEM32\kernel.appcore.dll
0x00007ffe3b940000 - 0x00007ffe3b94a000 	C:\Program Files\Java\jdk-15.0.1\bin\jimage.dll
0x00007ffe4c7f0000 - 0x00007ffe4c9d4000 	C:\WINDOWS\SYSTEM32\DBGHELP.DLL
0x00007ffe328f0000 - 0x00007ffe3291c000 	C:\WINDOWS\SYSTEM32\dbgcore.DLL
0x00007ffe4e910000 - 0x00007ffe4e98f000 	C:\WINDOWS\System32\bcryptPrimitives.dll
0x00007ffe214d0000 - 0x00007ffe21509000 	C:\Program Files\Java\jdk-15.0.1\bin\jdwp.dll
0x00007ffe35d50000 - 0x00007ffe35d5e000 	C:\Program Files\Java\jdk-15.0.1\bin\instrument.dll
0x00007ffe21510000 - 0x00007ffe21535000 	C:\Program Files\Java\jdk-15.0.1\bin\java.dll
0x00007ffe4ef50000 - 0x00007ffe4f691000 	C:\WINDOWS\System32\SHELL32.dll
0x00007ffe4c040000 - 0x00007ffe4c7d5000 	C:\WINDOWS\SYSTEM32\windows.storage.dll
0x00007ffe4ff60000 - 0x00007ffe502b5000 	C:\WINDOWS\System32\combase.dll
0x00007ffe4db50000 - 0x00007ffe4db7c000 	C:\WINDOWS\SYSTEM32\Wldp.dll
0x00007ffe4fe10000 - 0x00007ffe4febe000 	C:\WINDOWS\System32\SHCORE.dll
0x00007ffe50970000 - 0x00007ffe509c5000 	C:\WINDOWS\System32\shlwapi.dll
0x00007ffe4e080000 - 0x00007ffe4e0a6000 	C:\WINDOWS\SYSTEM32\profapi.dll
0x00007ffe21860000 - 0x00007ffe21879000 	C:\Program Files\Java\jdk-15.0.1\bin\net.dll
0x00007ffe36bf0000 - 0x00007ffe36cf0000 	C:\WINDOWS\SYSTEM32\WINHTTP.dll
0x00007ffe4d8d0000 - 0x00007ffe4d93a000 	C:\WINDOWS\system32\mswsock.dll
0x00007ffe214b0000 - 0x00007ffe214c2000 	C:\Program Files\Java\jdk-15.0.1\bin\nio.dll
0x00007ffe20c10000 - 0x00007ffe20c28000 	C:\Program Files\Java\jdk-15.0.1\bin\zip.dll
0x00007ffe307c0000 - 0x00007ffe307cb000 	C:\Program Files\Java\jdk-15.0.1\bin\dt_socket.dll
0x00007ffe4d560000 - 0x00007ffe4d59b000 	C:\WINDOWS\SYSTEM32\IPHLPAPI.DLL
0x000001a20c010000 - 0x000001a20c013000 	C:\Users\Moeyn\Downloads\openjfx-15.0.1_windows-x64_bin-sdk\javafx-sdk-15.0.1\bin\api-ms-win-core-console-l1-1-0.dll
0x000001a20c020000 - 0x000001a20c023000 	C:\Users\Moeyn\Downloads\openjfx-15.0.1_windows-x64_bin-sdk\javafx-sdk-15.0.1\bin\api-ms-win-core-console-l1-2-0.dll
0x000001a20dfa0000 - 0x000001a20dfa3000 	C:\Users\Moeyn\Downloads\openjfx-15.0.1_windows-x64_bin-sdk\javafx-sdk-15.0.1\bin\api-ms-win-core-datetime-l1-1-0.dll
0x000001a20dfb0000 - 0x000001a20dfb3000 	C:\Users\Moeyn\Downloads\openjfx-15.0.1_windows-x64_bin-sdk\javafx-sdk-15.0.1\bin\api-ms-win-core-debug-l1-1-0.dll
0x000001a20dfc0000 - 0x000001a20dfc3000 	C:\Users\Moeyn\Downloads\openjfx-15.0.1_windows-x64_bin-sdk\javafx-sdk-15.0.1\bin\api-ms-win-core-errorhandling-l1-1-0.dll
0x000001a20dfd0000 - 0x000001a20dfd4000 	C:\Users\Moeyn\Downloads\openjfx-15.0.1_windows-x64_bin-sdk\javafx-sdk-15.0.1\bin\api-ms-win-core-file-l1-1-0.dll
0x000001a234340000 - 0x000001a234343000 	C:\Users\Moeyn\Downloads\openjfx-15.0.1_windows-x64_bin-sdk\javafx-sdk-15.0.1\bin\api-ms-win-core-file-l1-2-0.dll
0x000001a234350000 - 0x000001a234353000 	C:\Users\Moeyn\Downloads\openjfx-15.0.1_windows-x64_bin-sdk\javafx-sdk-15.0.1\bin\api-ms-win-core-file-l2-1-0.dll
0x000001a234360000 - 0x000001a234363000 	C:\Users\Moeyn\Downloads\openjfx-15.0.1_windows-x64_bin-sdk\javafx-sdk-15.0.1\bin\api-ms-win-core-handle-l1-1-0.dll
0x000001a234370000 - 0x000001a234373000 	C:\Users\Moeyn\Downloads\openjfx-15.0.1_windows-x64_bin-sdk\javafx-sdk-15.0.1\bin\api-ms-win-core-heap-l1-1-0.dll
0x000001a234380000 - 0x000001a234383000 	C:\Users\Moeyn\Downloads\openjfx-15.0.1_windows-x64_bin-sdk\javafx-sdk-15.0.1\bin\api-ms-win-core-interlocked-l1-1-0.dll
0x000001a234390000 - 0x000001a234393000 	C:\Users\Moeyn\Downloads\openjfx-15.0.1_windows-x64_bin-sdk\javafx-sdk-15.0.1\bin\api-ms-win-core-libraryloader-l1-1-0.dll
0x000001a2343a0000 - 0x000001a2343a3000 	C:\Users\Moeyn\Downloads\openjfx-15.0.1_windows-x64_bin-sdk\javafx-sdk-15.0.1\bin\api-ms-win-core-localization-l1-2-0.dll
0x000001a2343b0000 - 0x000001a2343b3000 	C:\Users\Moeyn\Downloads\openjfx-15.0.1_windows-x64_bin-sdk\javafx-sdk-15.0.1\bin\api-ms-win-core-memory-l1-1-0.dll
0x000001a2343c0000 - 0x000001a2343c3000 	C:\Users\Moeyn\Downloads\openjfx-15.0.1_windows-x64_bin-sdk\javafx-sdk-15.0.1\bin\api-ms-win-core-namedpipe-l1-1-0.dll
0x000001a2341f0000 - 0x000001a2341f3000 	C:\Users\Moeyn\Downloads\openjfx-15.0.1_windows-x64_bin-sdk\javafx-sdk-15.0.1\bin\api-ms-win-core-processenvironment-l1-1-0.dll
0x000001a234200000 - 0x000001a234203000 	C:\Users\Moeyn\Downloads\openjfx-15.0.1_windows-x64_bin-sdk\javafx-sdk-15.0.1\bin\api-ms-win-core-processthreads-l1-1-0.dll
0x000001a234210000 - 0x000001a234213000 	C:\Users\Moeyn\Downloads\openjfx-15.0.1_windows-x64_bin-sdk\javafx-sdk-15.0.1\bin\api-ms-win-core-processthreads-l1-1-1.dll
0x000001a234220000 - 0x000001a234223000 	C:\Users\Moeyn\Downloads\openjfx-15.0.1_windows-x64_bin-sdk\javafx-sdk-15.0.1\bin\api-ms-win-core-profile-l1-1-0.dll
0x000001a234230000 - 0x000001a234233000 	C:\Users\Moeyn\Downloads\openjfx-15.0.1_windows-x64_bin-sdk\javafx-sdk-15.0.1\bin\api-ms-win-core-rtlsupport-l1-1-0.dll
0x000001a234240000 - 0x000001a234243000 	C:\Users\Moeyn\Downloads\openjfx-15.0.1_windows-x64_bin-sdk\javafx-sdk-15.0.1\bin\api-ms-win-core-string-l1-1-0.dll
0x000001a234250000 - 0x000001a234253000 	C:\Users\Moeyn\Downloads\openjfx-15.0.1_windows-x64_bin-sdk\javafx-sdk-15.0.1\bin\api-ms-win-core-synch-l1-1-0.dll
0x000001a234260000 - 0x000001a234263000 	C:\Users\Moeyn\Downloads\openjfx-15.0.1_windows-x64_bin-sdk\javafx-sdk-15.0.1\bin\api-ms-win-core-synch-l1-2-0.dll
0x000001a234270000 - 0x000001a234273000 	C:\Users\Moeyn\Downloads\openjfx-15.0.1_windows-x64_bin-sdk\javafx-sdk-15.0.1\bin\api-ms-win-core-sysinfo-l1-1-0.dll
0x000001a234280000 - 0x000001a234283000 	C:\Users\Moeyn\Downloads\openjfx-15.0.1_windows-x64_bin-sdk\javafx-sdk-15.0.1\bin\api-ms-win-core-timezone-l1-1-0.dll
0x000001a234290000 - 0x000001a234293000 	C:\Users\Moeyn\Downloads\openjfx-15.0.1_windows-x64_bin-sdk\javafx-sdk-15.0.1\bin\api-ms-win-core-util-l1-1-0.dll
0x000001a2342a0000 - 0x000001a2342a3000 	C:\Users\Moeyn\Downloads\openjfx-15.0.1_windows-x64_bin-sdk\javafx-sdk-15.0.1\bin\api-ms-win-crt-conio-l1-1-0.dll
0x000001a2342b0000 - 0x000001a2342b4000 	C:\Users\Moeyn\Downloads\openjfx-15.0.1_windows-x64_bin-sdk\javafx-sdk-15.0.1\bin\api-ms-win-crt-convert-l1-1-0.dll
0x000001a2342c0000 - 0x000001a2342c3000 	C:\Users\Moeyn\Downloads\openjfx-15.0.1_windows-x64_bin-sdk\javafx-sdk-15.0.1\bin\api-ms-win-crt-environment-l1-1-0.dll
0x000001a2342d0000 - 0x000001a2342d3000 	C:\Users\Moeyn\Downloads\openjfx-15.0.1_windows-x64_bin-sdk\javafx-sdk-15.0.1\bin\api-ms-win-crt-filesystem-l1-1-0.dll
0x000001a2342e0000 - 0x000001a2342e3000 	C:\Users\Moeyn\Downloads\openjfx-15.0.1_windows-x64_bin-sdk\javafx-sdk-15.0.1\bin\api-ms-win-crt-heap-l1-1-0.dll
0x000001a2342f0000 - 0x000001a2342f3000 	C:\Users\Moeyn\Downloads\openjfx-15.0.1_windows-x64_bin-sdk\javafx-sdk-15.0.1\bin\api-ms-win-crt-locale-l1-1-0.dll
0x000001a234300000 - 0x000001a234305000 	C:\Users\Moeyn\Downloads\openjfx-15.0.1_windows-x64_bin-sdk\javafx-sdk-15.0.1\bin\api-ms-win-crt-math-l1-1-0.dll
0x000001a234310000 - 0x000001a234315000 	C:\Users\Moeyn\Downloads\openjfx-15.0.1_windows-x64_bin-sdk\javafx-sdk-15.0.1\bin\api-ms-win-crt-multibyte-l1-1-0.dll
0x000001a234320000 - 0x000001a234330000 	C:\Users\Moeyn\Downloads\openjfx-15.0.1_windows-x64_bin-sdk\javafx-sdk-15.0.1\bin\api-ms-win-crt-private-l1-1-0.dll
0x000001a234330000 - 0x000001a234333000 	C:\Users\Moeyn\Downloads\openjfx-15.0.1_windows-x64_bin-sdk\javafx-sdk-15.0.1\bin\api-ms-win-crt-process-l1-1-0.dll
0x000001a234620000 - 0x000001a234624000 	C:\Users\Moeyn\Downloads\openjfx-15.0.1_windows-x64_bin-sdk\javafx-sdk-15.0.1\bin\api-ms-win-crt-runtime-l1-1-0.dll
0x000001a234630000 - 0x000001a234634000 	C:\Users\Moeyn\Downloads\openjfx-15.0.1_windows-x64_bin-sdk\javafx-sdk-15.0.1\bin\api-ms-win-crt-stdio-l1-1-0.dll
0x000001a234640000 - 0x000001a234644000 	C:\Users\Moeyn\Downloads\openjfx-15.0.1_windows-x64_bin-sdk\javafx-sdk-15.0.1\bin\api-ms-win-crt-string-l1-1-0.dll
0x000001a234650000 - 0x000001a234653000 	C:\Users\Moeyn\Downloads\openjfx-15.0.1_windows-x64_bin-sdk\javafx-sdk-15.0.1\bin\api-ms-win-crt-time-l1-1-0.dll
0x000001a234660000 - 0x000001a234663000 	C:\Users\Moeyn\Downloads\openjfx-15.0.1_windows-x64_bin-sdk\javafx-sdk-15.0.1\bin\api-ms-win-crt-utility-l1-1-0.dll
0x00007ffe0d540000 - 0x00007ffe0d63c000 	C:\Users\Moeyn\Downloads\openjfx-15.0.1_windows-x64_bin-sdk\javafx-sdk-15.0.1\bin\ucrtbase.dll
0x00007ffe1f370000 - 0x00007ffe1f385000 	C:\Users\Moeyn\Downloads\openjfx-15.0.1_windows-x64_bin-sdk\javafx-sdk-15.0.1\bin\vcruntime140.dll
0x00007ffe11e00000 - 0x00007ffe11e9b000 	C:\Users\Moeyn\Downloads\openjfx-15.0.1_windows-x64_bin-sdk\javafx-sdk-15.0.1\bin\msvcp140.dll
0x00007ffe1f340000 - 0x00007ffe1f363000 	C:\Users\Moeyn\Downloads\openjfx-15.0.1_windows-x64_bin-sdk\javafx-sdk-15.0.1\bin\prism_d3d.dll
0x00007ffe444d0000 - 0x00007ffe4469e000 	C:\WINDOWS\system32\d3d9.dll
0x00007ffe4bab0000 - 0x00007ffe4badf000 	C:\WINDOWS\SYSTEM32\dwmapi.dll
0x00007ffe48780000 - 0x00007ffe4881e000 	C:\WINDOWS\system32\uxtheme.dll
0x00007ffe4dcd0000 - 0x00007ffe4dce2000 	C:\WINDOWS\SYSTEM32\msasn1.dll
0x00007ffe3f5d0000 - 0x00007ffe3f601000 	C:\WINDOWS\SYSTEM32\cryptnet.dll
0x00007ffe4e1d0000 - 0x00007ffe4e32d000 	C:\WINDOWS\System32\CRYPT32.dll
0x00007ffe4dac0000 - 0x00007ffe4dacc000 	C:\WINDOWS\SYSTEM32\cryptbase.dll
0x00007ffe4e710000 - 0x00007ffe4e770000 	C:\WINDOWS\System32\WINTRUST.DLL
0x00007ffe4ea70000 - 0x00007ffe4ea8d000 	C:\WINDOWS\System32\imagehlp.dll
0x00007ffe4daa0000 - 0x00007ffe4dab8000 	C:\WINDOWS\SYSTEM32\CRYPTSP.dll
0x00007ffe4d200000 - 0x00007ffe4d234000 	C:\WINDOWS\system32\rsaenh.dll
0x00007ffe4e990000 - 0x00007ffe4e9b7000 	C:\WINDOWS\System32\bcrypt.dll
0x00007ffe35820000 - 0x00007ffe35830000 	C:\Program Files\Java\jdk-15.0.1\bin\verify.dll
0x00007ffe1b410000 - 0x00007ffe1b455000 	C:\Users\Moeyn\Downloads\openjfx-15.0.1_windows-x64_bin-sdk\javafx-sdk-15.0.1\bin\glass.dll
0x00007ffe4edc0000 - 0x00007ffe4ee9a000 	C:\WINDOWS\System32\COMDLG32.dll
0x00007ffe4ebc0000 - 0x00007ffe4ecea000 	C:\WINDOWS\System32\ole32.dll
0x00007ffe4ecf0000 - 0x00007ffe4edbd000 	C:\WINDOWS\System32\OLEAUT32.dll
0x00007ffe504c0000 - 0x00007ffe505d5000 	C:\WINDOWS\System32\MSCTF.dll
0x00007ffe0ce00000 - 0x00007ffe0d0ae000 	C:\WINDOWS\system32\nvspcap64.dll
0x00007ffe4ce90000 - 0x00007ffe4cec3000 	C:\WINDOWS\SYSTEM32\ntmarta.dll
0x00007ffe4ca50000 - 0x00007ffe4ca73000 	C:\WINDOWS\SYSTEM32\gpapi.dll
0x00007ffe41270000 - 0x00007ffe412ab000 	C:\WINDOWS\SYSTEM32\dxcore.dll
0x00007ffe4e180000 - 0x00007ffe4e1ce000 	C:\WINDOWS\System32\cfgmgr32.dll
0x00007ffe1b1f0000 - 0x00007ffe1b204000 	C:\Users\Moeyn\Downloads\openjfx-15.0.1_windows-x64_bin-sdk\javafx-sdk-15.0.1\bin\javafx_font.dll
0x00007ffe12b40000 - 0x00007ffe12b6c000 	C:\Users\Moeyn\Downloads\openjfx-15.0.1_windows-x64_bin-sdk\javafx-sdk-15.0.1\bin\javafx_iio.dll
0x00007ffe17230000 - 0x00007ffe174af000 	C:\WINDOWS\SYSTEM32\dwrite.dll
0x00007ffe4f740000 - 0x00007ffe4f7e9000 	C:\WINDOWS\System32\clbcatq.dll
0x00007ffe454a0000 - 0x00007ffe45654000 	C:\WINDOWS\SYSTEM32\WindowsCodecs.dll
0x00007ffe35a00000 - 0x00007ffe35a3e000 	C:\WINDOWS\system32\dataexchange.dll
0x00007ffe46cc0000 - 0x00007ffe46f24000 	C:\WINDOWS\system32\d3d11.dll
0x00007ffe47990000 - 0x00007ffe47b75000 	C:\WINDOWS\system32\dcomp.dll
0x00007ffe4caa0000 - 0x00007ffe4cb93000 	C:\WINDOWS\system32\dxgi.dll
0x00007ffe45a00000 - 0x00007ffe45c08000 	C:\WINDOWS\system32\twinapi.appcore.dll
0x00007ffe0e000000 - 0x00007ffe0e034000 	C:\Program Files\Common Files\Microsoft Shared\Ink\rtscom.dll
0x00007ffe1d650000 - 0x00007ffe1d74c000 	C:\WINDOWS\SYSTEM32\textinputframework.dll

dbghelp: loaded successfully - version: 4.0.5 - missing functions: none
symbol engine: initialized successfully - sym options: 0x614 - pdb path: .;C:\Program Files\Java\jdk-15.0.1\bin;C:\WINDOWS\SYSTEM32;C:\WINDOWS\WinSxS\amd64_microsoft.windows.common-controls_6595b64144ccf1df_6.0.19041.488_none_ca04af081b815d21;C:\Program Files\Java\jdk-15.0.1\bin\server;C:\Users\Moeyn\Downloads\openjfx-15.0.1_windows-x64_bin-sdk\javafx-sdk-15.0.1\bin;C:\WINDOWS\System32\DriverStore\FileRepository\nvhm.inf_amd64_c87780efe1918cc5;C:\Program Files\Common Files\Microsoft Shared\Ink

VM Arguments:
jvm_args: -agentlib:jdwp=transport=dt_socket,address=127.0.0.1:57317,suspend=y,server=n --module-path=C:\Users\Moeyn\Downloads\openjfx-15.0.1_windows-x64_bin-sdk\javafx-sdk-15.0.1\lib --add-modules=javafx.controls,javafx.fxml -javaagent:C:\Users\Moeyn\AppData\Local\JetBrains\IdeaIC2020.3\captureAgent\debugger-agent.jar -Dfile.encoding=UTF-8 
java_command: FXStuff.Main
java_class_path (initial): E:\DORD\out\production\untitled;E:\DORD\openjfx-15.0.1_windows-x64_bin-sdk\javafx-sdk-15.0.1\lib\src.zip;E:\DORD\openjfx-15.0.1_windows-x64_bin-sdk\javafx-sdk-15.0.1\lib\javafx-swt.jar;E:\DORD\openjfx-15.0.1_windows-x64_bin-sdk\javafx-sdk-15.0.1\lib\javafx.web.jar;E:\DORD\openjfx-15.0.1_windows-x64_bin-sdk\javafx-sdk-15.0.1\lib\javafx.base.jar;E:\DORD\openjfx-15.0.1_windows-x64_bin-sdk\javafx-sdk-15.0.1\lib\javafx.fxml.jar;E:\DORD\openjfx-15.0.1_windows-x64_bin-sdk\javafx-sdk-15.0.1\lib\javafx.media.jar;E:\DORD\openjfx-15.0.1_windows-x64_bin-sdk\javafx-sdk-15.0.1\lib\javafx.swing.jar;E:\DORD\openjfx-15.0.1_windows-x64_bin-sdk\javafx-sdk-15.0.1\lib\javafx.controls.jar;E:\DORD\openjfx-15.0.1_windows-x64_bin-sdk\javafx-sdk-15.0.1\lib\javafx.graphics.jar;C:\Program Files\JetBrains\IntelliJ IDEA Community Edition 2020.2.3\lib\idea_rt.jar
Launcher Type: SUN_STANDARD

[Global flags]
     intx CICompilerCount                          = 4                                         {product} {ergonomic}
     uint ConcGCThreads                            = 3                                         {product} {ergonomic}
     uint G1ConcRefinementThreads                  = 10                                        {product} {ergonomic}
   size_t G1HeapRegionSize                         = 2097152                                   {product} {ergonomic}
    uintx GCDrainStackTargetSize                   = 64                                        {product} {ergonomic}
   size_t InitialHeapSize                          = 266338304                                 {product} {ergonomic}
   size_t MarkStackSize                            = 4194304                                   {product} {ergonomic}
   size_t MaxHeapSize                              = 4253024256                                {product} {ergonomic}
   size_t MaxNewSize                               = 2550136832                                {product} {ergonomic}
   size_t MinHeapDeltaBytes                        = 2097152                                   {product} {ergonomic}
   size_t MinHeapSize                              = 8388608                                   {product} {ergonomic}
    uintx NonNMethodCodeHeapSize                   = 5839372                                {pd product} {ergonomic}
    uintx NonProfiledCodeHeapSize                  = 122909434                              {pd product} {ergonomic}
    uintx ProfiledCodeHeapSize                     = 122909434                              {pd product} {ergonomic}
    uintx ReservedCodeCacheSize                    = 251658240                              {pd product} {ergonomic}
     bool SegmentedCodeCache                       = true                                      {product} {ergonomic}
   size_t SoftMaxHeapSize                          = 4253024256                             {manageable} {ergonomic}
     bool UseCompressedClassPointers               = true                                 {lp64_product} {ergonomic}
     bool UseCompressedOops                        = true                                 {lp64_product} {ergonomic}
     bool UseG1GC                                  = true                                      {product} {ergonomic}
     bool UseLargePagesIndividualAllocation        = false                                  {pd product} {ergonomic}

Logging:
Log output configuration:
 #0: stdout all=off uptime,level,tags
 #1: stderr all=off uptime,level,tags

Environment Variables:
PATH=C:\Program Files\Common Files\Oracle\Java\javapath;C:\windows\system32;C:\windows;C:\windows\System32\Wbem;C:\windows\System32\WindowsPowerShell\v1.0\;C:\windows\System32\OpenSSH\;C:\Program Files (x86)\NVIDIA Corporation\PhysX\Common;C:\Program Files\NVIDIA Corporation\NVIDIA NvDLISR;C:\WINDOWS\system32;C:\WINDOWS;C:\WINDOWS\System32\Wbem;C:\WINDOWS\System32\WindowsPowerShell\v1.0\;C:\WINDOWS\System32\OpenSSH\;C:\Users\Moeyn\AppData\Local\Microsoft\WindowsApps;
USERNAME=Moeyn
OS=Windows_NT
PROCESSOR_IDENTIFIER=Intel64 Family 6 Model 165 Stepping 2, GenuineIntel



---------------  S Y S T E M  ---------------

OS:
 Windows 10 , 64 bit Build 19041 (10.0.19041.546)
OS uptime: 0 days 15:51 hours

CPU: total 12 (initial active 12) (6 cores per cpu, 2 threads per core) family 6 model 165 stepping 2 microcode 0xc8, cmov, cx8, fxsr, mmx, sse, sse2, sse3, ssse3, sse4.1, sse4.2, popcnt, vzeroupper, avx, avx2, aes, clmul, erms, 3dnowpref, lzcnt, ht, tsc, tscinvbit, bmi1, bmi2, adx, fma, clflush, clflushopt

Memory: 4k scene, system-wide physical 16222M (8026M free)
TotalPageFile size 18654M (AvailPageFile size 4808M)
current process WorkingSet (physical memory assigned to process): 133M, peak: 167M
current process commit charge ("private bytes"): 438M, peak: 461M

vm_info: Java HotSpot(TM) 64-Bit Server VM (15.0.1+9-18) for windows-amd64 JRE (15.0.1+9-18), built on Sep 15 2020 14:43:54 by "mach5one" with unknown MS VC++:1925

END.
